{"/home/okizuka/workspace/practice-ai-review/src/app.module.ts": {"path":"/home/okizuka/workspace/practice-ai-review/src/app.module.ts","statementMap":{"0":{"start":{"line":1,"column":0},"end":{"line":1,"column":40}},"1":{"start":{"line":2,"column":0},"end":{"line":2,"column":62}},"2":{"start":{"line":3,"column":0},"end":{"line":3,"column":54}},"3":{"start":{"line":4,"column":0},"end":{"line":4,"column":54}},"4":{"start":{"line":5,"column":0},"end":{"line":5,"column":49}},"5":{"start":{"line":11,"column":7},"end":{"line":11,"column":null}},"6":{"start":{"line":11,"column":13},"end":{"line":11,"column":22}},"7":{"start":{"line":11,"column":13},"end":{"line":11,"column":null}}},"fnMap":{},"branchMap":{},"s":{"0":0,"1":0,"2":0,"3":0,"4":0,"5":0,"6":0,"7":0},"f":{},"b":{}}
,"/home/okizuka/workspace/practice-ai-review/src/main.ts": {"path":"/home/okizuka/workspace/practice-ai-review/src/main.ts","statementMap":{"0":{"start":{"line":1,"column":0},"end":{"line":1,"column":43}},"1":{"start":{"line":2,"column":0},"end":{"line":2,"column":41}},"2":{"start":{"line":3,"column":0},"end":{"line":3,"column":49}},"3":{"start":{"line":6,"column":14},"end":{"line":8,"column":4}},"4":{"start":{"line":10,"column":24},"end":{"line":10,"column":46}},"5":{"start":{"line":11,"column":2},"end":{"line":11,"column":28}},"6":{"start":{"line":13,"column":2},"end":{"line":13,"column":20}},"7":{"start":{"line":16,"column":0},"end":{"line":16,"column":12}}},"fnMap":{"0":{"name":"bootstrap","decl":{"start":{"line":5,"column":15},"end":{"line":5,"column":24}},"loc":{"start":{"line":5,"column":24},"end":{"line":14,"column":1}}}},"branchMap":{},"s":{"0":0,"1":0,"2":0,"3":0,"4":0,"5":0,"6":0,"7":0},"f":{"0":0},"b":{}}
,"/home/okizuka/workspace/practice-ai-review/src/review.service.ts": {"path":"/home/okizuka/workspace/practice-ai-review/src/review.service.ts","statementMap":{"0":{"start":{"line":1,"column":0},"end":{"line":1,"column":44}},"1":{"start":{"line":2,"column":0},"end":{"line":2,"column":64}},"2":{"start":{"line":3,"column":0},"end":{"line":3,"column":56}},"3":{"start":{"line":4,"column":0},"end":{"line":4,"column":56}},"4":{"start":{"line":6,"column":21},"end":{"line":6,"column":33}},"5":{"start":{"line":9,"column":7},"end":{"line":94,"column":null}},"6":{"start":{"line":11,"column":21},"end":{"line":11,"column":36}},"7":{"start":{"line":12,"column":21},"end":{"line":12,"column":36}},"8":{"start":{"line":13,"column":21},"end":{"line":13,"column":38}},"9":{"start":{"line":17,"column":19},"end":{"line":17,"column":43}},"10":{"start":{"line":18,"column":28},"end":{"line":18,"column":64}},"11":{"start":{"line":20,"column":4},"end":{"line":25,"column":5}},"12":{"start":{"line":21,"column":6},"end":{"line":23,"column":8}},"13":{"start":{"line":24,"column":6},"end":{"line":24,"column":13}},"14":{"start":{"line":27,"column":4},"end":{"line":29,"column":6}},"15":{"start":{"line":31,"column":4},"end":{"line":92,"column":5}},"16":{"start":{"line":32,"column":6},"end":{"line":32,"column":41}},"17":{"start":{"line":33,"column":19},"end":{"line":36,"column":null}},"18":{"start":{"line":39,"column":6},"end":{"line":47,"column":7}},"19":{"start":{"line":40,"column":8},"end":{"line":45,"column":10}},"20":{"start":{"line":46,"column":8},"end":{"line":46,"column":15}},"21":{"start":{"line":49,"column":6},"end":{"line":49,"column":45}},"22":{"start":{"line":50,"column":25},"end":{"line":53,"column":null}},"23":{"start":{"line":56,"column":6},"end":{"line":56,"column":45}},"24":{"start":{"line":57,"column":27},"end":{"line":60,"column":null}},"25":{"start":{"line":63,"column":22},"end":{"line":63,"column":150}},"26":{"start":{"line":65,"column":6},"end":{"line":65,"column":47}},"27":{"start":{"line":66,"column":6},"end":{"line":71,"column":8}},"28":{"start":{"line":73,"column":6},"end":{"line":73,"column":52}},"29":{"start":{"line":76,"column":8},"end":{"line":76,"column":76}},"30":{"start":{"line":78,"column":6},"end":{"line":78,"column":52}},"31":{"start":{"line":80,"column":6},"end":{"line":89,"column":11}},"32":{"start":{"line":88,"column":10},"end":{"line":88,"column":68}},"33":{"start":{"line":91,"column":6},"end":{"line":91,"column":22}},"34":{"start":{"line":9,"column":13},"end":{"line":9,"column":26}},"35":{"start":{"line":9,"column":13},"end":{"line":94,"column":null}}},"fnMap":{"0":{"name":"(anonymous_2)","decl":{"start":{"line":10,"column":2},"end":{"line":10,"column":null}},"loc":{"start":{"line":13,"column":53},"end":{"line":14,"column":6}}},"1":{"name":"(anonymous_3)","decl":{"start":{"line":16,"column":2},"end":{"line":16,"column":7}},"loc":{"start":{"line":16,"column":11},"end":{"line":93,"column":3}}},"2":{"name":"(anonymous_4)","decl":{"start":{"line":87,"column":15},"end":{"line":87,"column":16}},"loc":{"start":{"line":87,"column":29},"end":{"line":89,"column":9}}}},"branchMap":{"0":{"loc":{"start":{"line":20,"column":4},"end":{"line":25,"column":5}},"type":"if","locations":[{"start":{"line":20,"column":4},"end":{"line":25,"column":5}},{"start":{},"end":{}}]},"1":{"loc":{"start":{"line":39,"column":6},"end":{"line":47,"column":7}},"type":"if","locations":[{"start":{"line":39,"column":6},"end":{"line":47,"column":7}},{"start":{},"end":{}}]},"2":{"loc":{"start":{"line":76,"column":8},"end":{"line":76,"column":76}},"type":"cond-expr","locations":[{"start":{"line":76,"column":33},"end":{"line":76,"column":46}},{"start":{"line":76,"column":49},"end":{"line":76,"column":76}}]},"3":{"loc":{"start":{"line":11,"column":36},"end":{"line":11,"column":null}},"type":"cond-expr","locations":[{"start":{"line":11,"column":49},"end":{"line":11,"column":null}},{"start":{"line":11,"column":49},"end":{"line":11,"column":null}}]},"4":{"loc":{"start":{"line":11,"column":36},"end":{"line":11,"column":49}},"type":"binary-expr","locations":[{"start":{"line":11,"column":36},"end":{"line":11,"column":null}},{"start":{"line":11,"column":36},"end":{"line":11,"column":49}}]},"5":{"loc":{"start":{"line":11,"column":49},"end":{"line":12,"column":null}},"type":"cond-expr","locations":[{"start":{"line":12,"column":49},"end":{"line":12,"column":null}},{"start":{"line":12,"column":49},"end":{"line":12,"column":null}}]},"6":{"loc":{"start":{"line":11,"column":49},"end":{"line":12,"column":49}},"type":"binary-expr","locations":[{"start":{"line":11,"column":49},"end":{"line":12,"column":null}},{"start":{"line":12,"column":36},"end":{"line":12,"column":49}}]},"7":{"loc":{"start":{"line":12,"column":49},"end":{"line":13,"column":null}},"type":"cond-expr","locations":[{"start":{"line":13,"column":53},"end":{"line":13,"column":null}},{"start":{"line":13,"column":53},"end":{"line":13,"column":null}}]},"8":{"loc":{"start":{"line":12,"column":49},"end":{"line":13,"column":53}},"type":"binary-expr","locations":[{"start":{"line":12,"column":49},"end":{"line":13,"column":null}},{"start":{"line":13,"column":38},"end":{"line":13,"column":53}}]}},"s":{"0":1,"1":1,"2":1,"3":1,"4":1,"5":1,"6":7,"7":7,"8":7,"9":7,"10":7,"11":7,"12":1,"13":1,"14":6,"15":6,"16":6,"17":6,"18":4,"19":1,"20":1,"21":3,"22":3,"23":3,"24":3,"25":3,"26":3,"27":3,"28":3,"29":2,"30":2,"31":2,"32":0,"33":2,"34":1,"35":1},"f":{"0":7,"1":7,"2":0},"b":{"0":[1,6],"1":[1,3],"2":[2,0],"3":[1,0],"4":[1,1],"5":[1,0],"6":[1,1],"7":[1,0],"8":[1,1]}}
,"/home/okizuka/workspace/practice-ai-review/src/ai-review/ai-review.module.ts": {"path":"/home/okizuka/workspace/practice-ai-review/src/ai-review/ai-review.module.ts","statementMap":{"0":{"start":{"line":1,"column":0},"end":{"line":1,"column":40}},"1":{"start":{"line":2,"column":0},"end":{"line":2,"column":54}},"2":{"start":{"line":8,"column":7},"end":{"line":8,"column":null}},"3":{"start":{"line":8,"column":13},"end":{"line":8,"column":27}},"4":{"start":{"line":8,"column":13},"end":{"line":8,"column":null}}},"fnMap":{},"branchMap":{},"s":{"0":0,"1":0,"2":0,"3":0,"4":0},"f":{},"b":{}}
,"/home/okizuka/workspace/practice-ai-review/src/ai-review/ai-review.service.ts": {"path":"/home/okizuka/workspace/practice-ai-review/src/ai-review/ai-review.service.ts","statementMap":{"0":{"start":{"line":1,"column":0},"end":{"line":1,"column":44}},"1":{"start":{"line":2,"column":0},"end":{"line":2,"column":42}},"2":{"start":{"line":3,"column":0},"end":{"line":3,"column":57}},"3":{"start":{"line":5,"column":22},"end":{"line":15,"column":96}},"4":{"start":{"line":18,"column":7},"end":{"line":54,"column":null}},"5":{"start":{"line":21,"column":31},"end":{"line":21,"column":46}},"6":{"start":{"line":22,"column":4},"end":{"line":24,"column":7}},"7":{"start":{"line":32,"column":26},"end":{"line":34,"column":10}},"8":{"start":{"line":36,"column":6},"end":{"line":38,"column":57}},"9":{"start":{"line":40,"column":20},"end":{"line":45,"column":6}},"10":{"start":{"line":47,"column":22},"end":{"line":47,"column":76}},"11":{"start":{"line":47,"column":54},"end":{"line":47,"column":75}},"12":{"start":{"line":48,"column":4},"end":{"line":50,"column":5}},"13":{"start":{"line":49,"column":6},"end":{"line":49,"column":58}},"14":{"start":{"line":52,"column":4},"end":{"line":52,"column":26}},"15":{"start":{"line":18,"column":13},"end":{"line":18,"column":28}},"16":{"start":{"line":18,"column":13},"end":{"line":54,"column":null}}},"fnMap":{"0":{"name":"(anonymous_3)","decl":{"start":{"line":21,"column":2},"end":{"line":21,"column":31}},"loc":{"start":{"line":21,"column":59},"end":{"line":25,"column":3}}},"1":{"name":"(anonymous_4)","decl":{"start":{"line":27,"column":2},"end":{"line":27,"column":7}},"loc":{"start":{"line":30,"column":47},"end":{"line":53,"column":3}}},"2":{"name":"(anonymous_5)","decl":{"start":{"line":47,"column":43},"end":{"line":47,"column":44}},"loc":{"start":{"line":47,"column":54},"end":{"line":47,"column":75}}}},"branchMap":{"0":{"loc":{"start":{"line":32,"column":26},"end":{"line":34,"column":10}},"type":"cond-expr","locations":[{"start":{"line":33,"column":8},"end":{"line":33,"column":50}},{"start":{"line":34,"column":8},"end":{"line":34,"column":10}}]},"1":{"loc":{"start":{"line":48,"column":4},"end":{"line":50,"column":5}},"type":"if","locations":[{"start":{"line":48,"column":4},"end":{"line":50,"column":5}},{"start":{},"end":{}}]},"2":{"loc":{"start":{"line":48,"column":8},"end":{"line":48,"column":47}},"type":"binary-expr","locations":[{"start":{"line":48,"column":8},"end":{"line":48,"column":18}},{"start":{"line":48,"column":22},"end":{"line":48,"column":47}}]},"3":{"loc":{"start":{"line":21,"column":46},"end":{"line":21,"column":null}},"type":"cond-expr","locations":[{"start":{"line":21,"column":59},"end":{"line":21,"column":null}},{"start":{"line":21,"column":59},"end":{"line":21,"column":null}}]},"4":{"loc":{"start":{"line":21,"column":46},"end":{"line":21,"column":59}},"type":"binary-expr","locations":[{"start":{"line":21,"column":46},"end":{"line":21,"column":null}},{"start":{"line":21,"column":46},"end":{"line":21,"column":59}}]}},"s":{"0":2,"1":2,"2":2,"3":2,"4":2,"5":8,"6":8,"7":8,"8":8,"9":8,"10":8,"11":7,"12":8,"13":1,"14":7,"15":2,"16":2},"f":{"0":8,"1":8,"2":7},"b":{"0":[7,1],"1":[1,7],"2":[8,7],"3":[2,0],"4":[2,2]}}
,"/home/okizuka/workspace/practice-ai-review/src/config/config.module.ts": {"path":"/home/okizuka/workspace/practice-ai-review/src/config/config.module.ts","statementMap":{"0":{"start":{"line":1,"column":0},"end":{"line":1,"column":48}},"1":{"start":{"line":2,"column":0},"end":{"line":2,"column":49}},"2":{"start":{"line":9,"column":7},"end":{"line":9,"column":null}},"3":{"start":{"line":9,"column":13},"end":{"line":9,"column":25}},"4":{"start":{"line":9,"column":13},"end":{"line":9,"column":null}}},"fnMap":{},"branchMap":{},"s":{"0":0,"1":0,"2":0,"3":0,"4":0},"f":{},"b":{}}
,"/home/okizuka/workspace/practice-ai-review/src/config/config.service.ts": {"path":"/home/okizuka/workspace/practice-ai-review/src/config/config.service.ts","statementMap":{"0":{"start":{"line":1,"column":0},"end":{"line":1,"column":44}},"1":{"start":{"line":12,"column":7},"end":{"line":63,"column":null}},"2":{"start":{"line":16,"column":4},"end":{"line":16,"column":41}},"3":{"start":{"line":20,"column":21},"end":{"line":26,"column":6}},"4":{"start":{"line":28,"column":20},"end":{"line":28,"column":63}},"5":{"start":{"line":28,"column":45},"end":{"line":28,"column":62}},"6":{"start":{"line":29,"column":4},"end":{"line":34,"column":5}},"7":{"start":{"line":30,"column":6},"end":{"line":32,"column":8}},"8":{"start":{"line":33,"column":6},"end":{"line":33,"column":22}},"9":{"start":{"line":36,"column":21},"end":{"line":36,"column":57}},"10":{"start":{"line":37,"column":4},"end":{"line":40,"column":5}},"11":{"start":{"line":38,"column":6},"end":{"line":38,"column":56}},"12":{"start":{"line":39,"column":6},"end":{"line":39,"column":22}},"13":{"start":{"line":42,"column":4},"end":{"line":48,"column":6}},"14":{"start":{"line":52,"column":4},"end":{"line":52,"column":23}},"15":{"start":{"line":56,"column":26},"end":{"line":56,"column":65}},"16":{"start":{"line":57,"column":4},"end":{"line":60,"column":5}},"17":{"start":{"line":58,"column":6},"end":{"line":58,"column":72}},"18":{"start":{"line":59,"column":6},"end":{"line":59,"column":22}},"19":{"start":{"line":61,"column":4},"end":{"line":61,"column":27}},"20":{"start":{"line":12,"column":13},"end":{"line":12,"column":26}},"21":{"start":{"line":12,"column":13},"end":{"line":63,"column":null}}},"fnMap":{"0":{"name":"(anonymous_2)","decl":{"start":{"line":15,"column":2},"end":{"line":15,"column":null}},"loc":{"start":{"line":15,"column":2},"end":{"line":17,"column":3}}},"1":{"name":"(anonymous_3)","decl":{"start":{"line":19,"column":10},"end":{"line":19,"column":25}},"loc":{"start":{"line":19,"column":25},"end":{"line":49,"column":3}}},"2":{"name":"(anonymous_4)","decl":{"start":{"line":28,"column":36},"end":{"line":28,"column":37}},"loc":{"start":{"line":28,"column":45},"end":{"line":28,"column":62}}},"3":{"name":"(anonymous_5)","decl":{"start":{"line":51,"column":2},"end":{"line":51,"column":5}},"loc":{"start":{"line":51,"column":5},"end":{"line":53,"column":3}}},"4":{"name":"(anonymous_6)","decl":{"start":{"line":55,"column":2},"end":{"line":55,"column":17}},"loc":{"start":{"line":55,"column":17},"end":{"line":62,"column":3}}}},"branchMap":{"0":{"loc":{"start":{"line":29,"column":4},"end":{"line":34,"column":5}},"type":"if","locations":[{"start":{"line":29,"column":4},"end":{"line":34,"column":5}},{"start":{},"end":{}}]},"1":{"loc":{"start":{"line":37,"column":4},"end":{"line":40,"column":5}},"type":"if","locations":[{"start":{"line":37,"column":4},"end":{"line":40,"column":5}},{"start":{},"end":{}}]},"2":{"loc":{"start":{"line":57,"column":4},"end":{"line":60,"column":5}},"type":"if","locations":[{"start":{"line":57,"column":4},"end":{"line":60,"column":5}},{"start":{},"end":{}}]},"3":{"loc":{"start":{"line":57,"column":8},"end":{"line":57,"column":23}},"type":"binary-expr","locations":[{"start":{"line":57,"column":8},"end":{"line":57,"column":14}},{"start":{"line":57,"column":18},"end":{"line":57,"column":23}}]}},"s":{"0":4,"1":4,"2":9,"3":9,"4":9,"5":45,"6":9,"7":5,"8":5,"9":4,"10":4,"11":1,"12":1,"13":3,"14":1,"15":2,"16":2,"17":1,"18":1,"19":1,"20":4,"21":4},"f":{"0":9,"1":9,"2":45,"3":1,"4":2},"b":{"0":[5,4],"1":[1,3],"2":[1,1],"3":[2,2]}}
,"/home/okizuka/workspace/practice-ai-review/src/github/github.module.ts": {"path":"/home/okizuka/workspace/practice-ai-review/src/github/github.module.ts","statementMap":{"0":{"start":{"line":1,"column":0},"end":{"line":1,"column":40}},"1":{"start":{"line":2,"column":0},"end":{"line":2,"column":49}},"2":{"start":{"line":8,"column":7},"end":{"line":8,"column":null}},"3":{"start":{"line":8,"column":13},"end":{"line":8,"column":25}},"4":{"start":{"line":8,"column":13},"end":{"line":8,"column":null}}},"fnMap":{},"branchMap":{},"s":{"0":0,"1":0,"2":0,"3":0,"4":0},"f":{},"b":{}}
,"/home/okizuka/workspace/practice-ai-review/src/github/github.service.ts": {"path":"/home/okizuka/workspace/practice-ai-review/src/github/github.service.ts","statementMap":{"0":{"start":{"line":1,"column":0},"end":{"line":1,"column":44}},"1":{"start":{"line":2,"column":0},"end":{"line":2,"column":40}},"2":{"start":{"line":3,"column":0},"end":{"line":3,"column":57}},"3":{"start":{"line":5,"column":22},"end":{"line":5,"column":29}},"4":{"start":{"line":8,"column":7},"end":{"line":70,"column":null}},"5":{"start":{"line":11,"column":31},"end":{"line":11,"column":46}},"6":{"start":{"line":12,"column":4},"end":{"line":14,"column":7}},"7":{"start":{"line":22,"column":21},"end":{"line":27,"column":6}},"8":{"start":{"line":29,"column":17},"end":{"line":29,"column":51}},"9":{"start":{"line":31,"column":4},"end":{"line":36,"column":5}},"10":{"start":{"line":32,"column":6},"end":{"line":35,"column":8}},"11":{"start":{"line":38,"column":4},"end":{"line":38,"column":16}},"12":{"start":{"line":46,"column":21},"end":{"line":50,"column":6}},"13":{"start":{"line":51,"column":4},"end":{"line":54,"column":6}},"14":{"start":{"line":63,"column":4},"end":{"line":68,"column":7}},"15":{"start":{"line":8,"column":13},"end":{"line":8,"column":26}},"16":{"start":{"line":8,"column":13},"end":{"line":70,"column":null}}},"fnMap":{"0":{"name":"(anonymous_2)","decl":{"start":{"line":11,"column":2},"end":{"line":11,"column":31}},"loc":{"start":{"line":11,"column":59},"end":{"line":15,"column":3}}},"1":{"name":"(anonymous_3)","decl":{"start":{"line":17,"column":2},"end":{"line":17,"column":7}},"loc":{"start":{"line":20,"column":20},"end":{"line":39,"column":3}}},"2":{"name":"(anonymous_4)","decl":{"start":{"line":41,"column":2},"end":{"line":41,"column":7}},"loc":{"start":{"line":44,"column":20},"end":{"line":55,"column":3}}},"3":{"name":"(anonymous_5)","decl":{"start":{"line":57,"column":2},"end":{"line":57,"column":7}},"loc":{"start":{"line":61,"column":16},"end":{"line":69,"column":3}}}},"branchMap":{"0":{"loc":{"start":{"line":31,"column":4},"end":{"line":36,"column":5}},"type":"if","locations":[{"start":{"line":31,"column":4},"end":{"line":36,"column":5}},{"start":{},"end":{}}]},"1":{"loc":{"start":{"line":53,"column":12},"end":{"line":53,"column":36}},"type":"binary-expr","locations":[{"start":{"line":53,"column":12},"end":{"line":53,"column":30}},{"start":{"line":53,"column":34},"end":{"line":53,"column":36}}]},"2":{"loc":{"start":{"line":11,"column":46},"end":{"line":11,"column":null}},"type":"cond-expr","locations":[{"start":{"line":11,"column":59},"end":{"line":11,"column":null}},{"start":{"line":11,"column":59},"end":{"line":11,"column":null}}]},"3":{"loc":{"start":{"line":11,"column":46},"end":{"line":11,"column":59}},"type":"binary-expr","locations":[{"start":{"line":11,"column":46},"end":{"line":11,"column":null}},{"start":{"line":11,"column":46},"end":{"line":11,"column":59}}]}},"s":{"0":2,"1":2,"2":2,"3":2,"4":2,"5":7,"6":7,"7":3,"8":3,"9":3,"10":1,"11":2,"12":3,"13":3,"14":1,"15":2,"16":2},"f":{"0":7,"1":3,"2":3,"3":1},"b":{"0":[1,2],"1":[3,1],"2":[2,0],"3":[2,2]}}
}
