TN:
SF:src/app.module.ts
FNF:0
FNH:0
DA:1,0
DA:2,0
DA:3,0
DA:4,0
DA:5,0
DA:11,0
LF:6
LH:0
BRF:0
BRH:0
end_of_record
TN:
SF:src/main.ts
FN:5,bootstrap
FNF:1
FNH:0
FNDA:0,bootstrap
DA:1,0
DA:2,0
DA:3,0
DA:6,0
DA:10,0
DA:11,0
DA:13,0
DA:16,0
LF:8
LH:0
BRF:0
BRH:0
end_of_record
TN:
SF:src/review.service.ts
FN:10,(anonymous_2)
FN:16,(anonymous_3)
FN:87,(anonymous_4)
FNF:3
FNH:2
FNDA:7,(anonymous_2)
FNDA:7,(anonymous_3)
FNDA:0,(anonymous_4)
DA:1,1
DA:2,1
DA:3,1
DA:4,1
DA:6,1
DA:9,1
DA:11,7
DA:12,7
DA:13,7
DA:17,7
DA:18,7
DA:20,7
DA:21,1
DA:24,1
DA:27,6
DA:31,6
DA:32,6
DA:33,6
DA:39,4
DA:40,1
DA:46,1
DA:49,3
DA:50,3
DA:56,3
DA:57,3
DA:63,3
DA:65,3
DA:66,3
DA:73,3
DA:76,2
DA:78,2
DA:80,2
DA:88,0
DA:91,2
LF:34
LH:33
BRDA:20,0,0,1
BRDA:20,0,1,6
BRDA:39,1,0,1
BRDA:39,1,1,3
BRDA:76,2,0,2
BRDA:76,2,1,0
BRDA:11,3,0,1
BRDA:11,3,1,0
BRDA:11,4,0,1
BRDA:11,4,1,1
BRDA:11,5,0,1
BRDA:11,5,1,0
BRDA:11,6,0,1
BRDA:11,6,1,1
BRDA:12,7,0,1
BRDA:12,7,1,0
BRDA:12,8,0,1
BRDA:12,8,1,1
BRF:18
BRH:14
end_of_record
TN:
SF:src/ai-review/ai-review.module.ts
FNF:0
FNH:0
DA:1,0
DA:2,0
DA:8,0
LF:3
LH:0
BRF:0
BRH:0
end_of_record
TN:
SF:src/ai-review/ai-review.service.ts
FN:21,(anonymous_3)
FN:27,(anonymous_4)
FN:47,(anonymous_5)
FNF:3
FNH:3
FNDA:8,(anonymous_3)
FNDA:8,(anonymous_4)
FNDA:7,(anonymous_5)
DA:1,2
DA:2,2
DA:3,2
DA:5,2
DA:18,2
DA:21,8
DA:22,8
DA:32,8
DA:36,8
DA:40,8
DA:47,8
DA:48,8
DA:49,1
DA:52,7
LF:14
LH:14
BRDA:32,0,0,7
BRDA:32,0,1,1
BRDA:48,1,0,1
BRDA:48,1,1,7
BRDA:48,2,0,8
BRDA:48,2,1,7
BRDA:21,3,0,2
BRDA:21,3,1,0
BRDA:21,4,0,2
BRDA:21,4,1,2
BRF:10
BRH:9
end_of_record
TN:
SF:src/config/config.module.ts
FNF:0
FNH:0
DA:1,0
DA:2,0
DA:9,0
LF:3
LH:0
BRF:0
BRH:0
end_of_record
TN:
SF:src/config/config.service.ts
FN:15,(anonymous_2)
FN:19,(anonymous_3)
FN:28,(anonymous_4)
FN:51,(anonymous_5)
FN:55,(anonymous_6)
FNF:5
FNH:5
FNDA:9,(anonymous_2)
FNDA:9,(anonymous_3)
FNDA:45,(anonymous_4)
FNDA:1,(anonymous_5)
FNDA:2,(anonymous_6)
DA:1,4
DA:12,4
DA:16,9
DA:20,9
DA:28,45
DA:29,9
DA:30,5
DA:33,5
DA:36,4
DA:37,4
DA:38,1
DA:39,1
DA:42,3
DA:52,1
DA:56,2
DA:57,2
DA:58,1
DA:59,1
DA:61,1
LF:19
LH:19
BRDA:29,0,0,5
BRDA:29,0,1,4
BRDA:37,1,0,1
BRDA:37,1,1,3
BRDA:57,2,0,1
BRDA:57,2,1,1
BRDA:57,3,0,2
BRDA:57,3,1,2
BRF:8
BRH:8
end_of_record
TN:
SF:src/github/github.module.ts
FNF:0
FNH:0
DA:1,0
DA:2,0
DA:8,0
LF:3
LH:0
BRF:0
BRH:0
end_of_record
TN:
SF:src/github/github.service.ts
FN:11,(anonymous_2)
FN:17,(anonymous_3)
FN:41,(anonymous_4)
FN:57,(anonymous_5)
FNF:4
FNH:4
FNDA:7,(anonymous_2)
FNDA:3,(anonymous_3)
FNDA:3,(anonymous_4)
FNDA:1,(anonymous_5)
DA:1,2
DA:2,2
DA:3,2
DA:5,2
DA:8,2
DA:11,7
DA:12,7
DA:22,3
DA:29,3
DA:31,3
DA:32,1
DA:38,2
DA:46,3
DA:51,3
DA:63,1
LF:15
LH:15
BRDA:31,0,0,1
BRDA:31,0,1,2
BRDA:53,1,0,3
BRDA:53,1,1,1
BRDA:11,2,0,2
BRDA:11,2,1,0
BRDA:11,3,0,2
BRDA:11,3,1,2
BRF:8
BRH:7
end_of_record
